<?xml version="1.0" encoding="UTF-8"?>
<!-- Generated by org.testng.reporters.JUnitReportReporter -->
<testsuite skipped="0" hostname="DESKTOP-K1LJIP1" name="India.Gmail.GmailLogin" tests="1" failures="0" timestamp="13 Jun 2019 03:42:00 GMT" time="50.393" errors="0">
  <testcase name="f" time="50.393" classname="India.Gmail.GmailLogin"/>
</testsuite> <!-- India.Gmail.GmailLogin -->
